{"ts": "2026-03-14T14:59:49.706554+00:00", "level": "INFO", "module": "sorter.classifier", "msg": "Brickognize API: https://api.brickognize.com/predict/"}
{"ts": "2026-03-14T14:59:49.706645+00:00", "level": "INFO", "module": "sorter.classifier", "msg": "Confidence threshold: 0.65"}
{"ts": "2026-03-14T14:59:49.706678+00:00", "level": "INFO", "module": "sorter.classifier", "msg": "Review bin: 30 (threshold < 0.45)"}
{"ts": "2026-03-14T14:59:49.706767+00:00", "level": "INFO", "module": "sorter.classifier", "msg": "Brickognize API: https://api.brickognize.com/predict/"}
{"ts": "2026-03-14T14:59:49.706800+00:00", "level": "INFO", "module": "sorter.classifier", "msg": "Confidence threshold: 0.65"}
{"ts": "2026-03-14T14:59:49.706822+00:00", "level": "INFO", "module": "sorter.classifier", "msg": "Review bin: 30 (threshold < 0.45)"}
{"ts": "2026-03-14T14:59:49.706883+00:00", "level": "INFO", "module": "sorter.classifier", "msg": "Brickognize API: https://api.brickognize.com/predict/"}
{"ts": "2026-03-14T14:59:49.706909+00:00", "level": "INFO", "module": "sorter.classifier", "msg": "Confidence threshold: 0.65"}
{"ts": "2026-03-14T14:59:49.706930+00:00", "level": "INFO", "module": "sorter.classifier", "msg": "Review bin: 30 (threshold < 0.45)"}
{"ts": "2026-03-14T14:59:49.706986+00:00", "level": "INFO", "module": "sorter.classifier", "msg": "Brickognize API: https://api.brickognize.com/predict/"}
{"ts": "2026-03-14T14:59:49.707011+00:00", "level": "INFO", "module": "sorter.classifier", "msg": "Confidence threshold: 0.65"}
{"ts": "2026-03-14T14:59:49.707032+00:00", "level": "INFO", "module": "sorter.classifier", "msg": "Review bin: 30 (threshold < 0.45)"}
{"ts": "2026-03-14T14:59:49.707085+00:00", "level": "INFO", "module": "sorter.classifier", "msg": "Brickognize API: https://api.brickognize.com/predict/"}
{"ts": "2026-03-14T14:59:49.707109+00:00", "level": "INFO", "module": "sorter.classifier", "msg": "Confidence threshold: 0.65"}
{"ts": "2026-03-14T14:59:49.707129+00:00", "level": "INFO", "module": "sorter.classifier", "msg": "Review bin: 30 (threshold < 0.45)"}
{"ts": "2026-03-14T14:59:49.707184+00:00", "level": "INFO", "module": "sorter.classifier", "msg": "Brickognize API: https://api.brickognize.com/predict/"}
{"ts": "2026-03-14T14:59:49.707208+00:00", "level": "INFO", "module": "sorter.classifier", "msg": "Confidence threshold: 0.65"}
{"ts": "2026-03-14T14:59:49.707229+00:00", "level": "INFO", "module": "sorter.classifier", "msg": "Review bin: 30 (threshold < 0.45)"}
{"ts": "2026-03-14T14:59:49.707497+00:00", "level": "WARNING", "module": "sorter.classifier", "msg": "Failed to load cache: Expecting value: line 1 column 1 (char 0)"}
{"ts": "2026-03-14T14:59:49.711644+00:00", "level": "WARNING", "module": "sorter.classifier", "msg": "Failed to load cache: Expecting value: line 1 column 1 (char 0)"}
{"ts": "2026-03-14T14:59:49.712331+00:00", "level": "WARNING", "module": "sorter.classifier", "msg": "Failed to load cache: Expecting value: line 1 column 1 (char 0)"}
{"ts": "2026-03-14T14:59:49.712459+00:00", "level": "WARNING", "module": "sorter.classifier", "msg": "Failed to load cache: Expecting value: line 1 column 1 (char 0)"}
{"ts": "2026-03-14T14:59:49.712549+00:00", "level": "WARNING", "module": "sorter.classifier", "msg": "Failed to load cache: Expecting value: line 1 column 1 (char 0)"}
{"ts": "2026-03-14T14:59:49.712639+00:00", "level": "WARNING", "module": "sorter.classifier", "msg": "Failed to load cache: Expecting value: line 1 column 1 (char 0)"}
{"ts": "2026-03-14T14:59:49.712741+00:00", "level": "WARNING", "module": "sorter.classifier", "msg": "Failed to load cache: Expecting value: line 1 column 1 (char 0)"}
{"ts": "2026-03-14T14:59:49.713291+00:00", "level": "WARNING", "module": "sorter.classifier", "msg": "Failed to load cache: Expecting value: line 1 column 1 (char 0)"}
{"ts": "2026-03-14T14:59:49.716260+00:00", "level": "WARNING", "module": "sorter.classifier", "msg": "Failed to load cache: Expecting value: line 1 column 1 (char 0)"}
{"ts": "2026-03-14T14:59:49.716659+00:00", "level": "INFO", "module": "sorter.classifier", "msg": "Loaded 1 cached signatures"}
{"ts": "2026-03-14T14:59:49.726614+00:00", "level": "INFO", "module": "sorter.inventory", "msg": "Database: /sessions/quirky-gracious-knuth/tmp/tmpxgd2dmj5.db"}
{"ts": "2026-03-14T14:59:49.729819+00:00", "level": "INFO", "module": "sorter.inventory", "msg": "Logged: a 'A' -> bin 0", "part_id": "a", "confidence": 0.92, "bin_number": 0}
{"ts": "2026-03-14T14:59:49.733639+00:00", "level": "INFO", "module": "sorter.inventory", "msg": "Logged: b 'B' -> bin 0", "part_id": "b", "confidence": 0.95, "bin_number": 0}
{"ts": "2026-03-14T14:59:49.736925+00:00", "level": "INFO", "module": "sorter.inventory", "msg": "Logged: c 'C' -> bin 0", "part_id": "c", "confidence": 0.45, "bin_number": 0}
{"ts": "2026-03-14T14:59:49.737087+00:00", "level": "INFO", "module": "sorter.inventory", "msg": "Database closed"}
{"ts": "2026-03-14T14:59:49.748682+00:00", "level": "INFO", "module": "sorter.inventory", "msg": "Database: /sessions/quirky-gracious-knuth/tmp/tmpf2h5zrhe.db"}
{"ts": "2026-03-14T14:59:49.752419+00:00", "level": "INFO", "module": "sorter.inventory", "msg": "Logged: 3001 'Brick 2x4' -> bin 2", "part_id": "3001", "confidence": 0.9, "bin_number": 2}
{"ts": "2026-03-14T14:59:49.752614+00:00", "level": "INFO", "module": "sorter.inventory", "msg": "Database closed"}
{"ts": "2026-03-14T14:59:49.762441+00:00", "level": "INFO", "module": "sorter.inventory", "msg": "Database: /sessions/quirky-gracious-knuth/tmp/tmppg70s2tp.db"}
{"ts": "2026-03-14T14:59:49.767977+00:00", "level": "INFO", "module": "sorter.inventory", "msg": "Logged: 3001 'Brick 2x4' -> bin 2", "part_id": "3001", "confidence": 0.9, "bin_number": 2}
{"ts": "2026-03-14T14:59:49.771220+00:00", "level": "INFO", "module": "sorter.inventory", "msg": "Logged: 3001 'Brick 2x4' -> bin 2", "part_id": "3001", "confidence": 0.88, "bin_number": 2}
{"ts": "2026-03-14T14:59:49.771386+00:00", "level": "INFO", "module": "sorter.inventory", "msg": "Database closed"}
{"ts": "2026-03-14T14:59:49.783471+00:00", "level": "INFO", "module": "sorter.inventory", "msg": "Database: /sessions/quirky-gracious-knuth/tmp/tmp23bvfsgd.db"}
{"ts": "2026-03-14T14:59:49.787316+00:00", "level": "INFO", "module": "sorter.inventory", "msg": "Logged: 3001 'Brick 2x4' -> bin 2", "part_id": "3001", "confidence": 0.9, "bin_number": 2}
{"ts": "2026-03-14T14:59:49.790979+00:00", "level": "INFO", "module": "sorter.inventory", "msg": "Logged: 3022 'Plate 2x2' -> bin 5", "part_id": "3022", "confidence": 0.85, "bin_number": 5}
{"ts": "2026-03-14T14:59:49.791157+00:00", "level": "INFO", "module": "sorter.inventory", "msg": "Database closed"}
{"ts": "2026-03-14T14:59:49.803624+00:00", "level": "INFO", "module": "sorter.inventory", "msg": "Database: /sessions/quirky-gracious-knuth/tmp/tmpx618iicp.db"}
{"ts": "2026-03-14T14:59:49.807177+00:00", "level": "INFO", "module": "sorter.inventory", "msg": "Logged: 3001 'Brick 2x4' -> bin 2", "part_id": "3001", "confidence": 0.92, "bin_number": 2}
{"ts": "2026-03-14T14:59:49.810700+00:00", "level": "INFO", "module": "sorter.inventory", "msg": "Logged: 3001 'Brick 2x4' -> bin 2", "part_id": "3001", "confidence": 0.88, "bin_number": 2}
{"ts": "2026-03-14T14:59:49.815089+00:00", "level": "INFO", "module": "sorter.inventory", "msg": "Logged: 3022 'Plate 2x2' -> bin 5", "part_id": "3022", "confidence": 0.95, "bin_number": 5}
{"ts": "2026-03-14T14:59:49.815379+00:00", "level": "INFO", "module": "sorter.inventory", "msg": "Database closed"}
{"ts": "2026-03-14T14:59:49.826990+00:00", "level": "INFO", "module": "sorter.inventory", "msg": "Database: /sessions/quirky-gracious-knuth/tmp/tmpvpl04au0.db"}
{"ts": "2026-03-14T14:59:49.827209+00:00", "level": "INFO", "module": "sorter.inventory", "msg": "Database closed"}
{"ts": "2026-03-14T14:59:49.839128+00:00", "level": "INFO", "module": "sorter.inventory", "msg": "Database: /sessions/quirky-gracious-knuth/tmp/tmpmwab4fyl.db"}
{"ts": "2026-03-14T14:59:49.842564+00:00", "level": "INFO", "module": "sorter.inventory", "msg": "Logged: 3001 'Brick 2x4' -> bin 2", "part_id": "3001", "confidence": 0.92, "bin_number": 2}
{"ts": "2026-03-14T14:59:49.842700+00:00", "level": "INFO", "module": "sorter.inventory", "msg": "Database closed"}
{"ts": "2026-03-14T14:59:49.855467+00:00", "level": "INFO", "module": "sorter.inventory", "msg": "Database: /sessions/quirky-gracious-knuth/tmp/tmpqql4rcdu.db"}
{"ts": "2026-03-14T14:59:49.859404+00:00", "level": "INFO", "module": "sorter.inventory", "msg": "Logged: 3001 'Brick' -> bin 30", "part_id": "3001", "confidence": 0.5, "bin_number": 30}
{"ts": "2026-03-14T14:59:49.862936+00:00", "level": "INFO", "module": "sorter.inventory", "msg": "Logged: 3022 'Plate' -> bin 5", "part_id": "3022", "confidence": 0.9, "bin_number": 5}
{"ts": "2026-03-14T14:59:49.863086+00:00", "level": "INFO", "module": "sorter.inventory", "msg": "Database closed"}
{"ts": "2026-03-14T14:59:49.875654+00:00", "level": "INFO", "module": "sorter.inventory", "msg": "Database: /sessions/quirky-gracious-knuth/tmp/tmp72cbxj2r.db"}
{"ts": "2026-03-14T14:59:49.879214+00:00", "level": "INFO", "module": "sorter.inventory", "msg": "Logged: 3001 'Brick' -> bin 2", "part_id": "3001", "confidence": 0.9, "bin_number": 2}
{"ts": "2026-03-14T14:59:49.879386+00:00", "level": "INFO", "module": "sorter.inventory", "msg": "Database closed"}
{"ts": "2026-03-14T14:59:49.892210+00:00", "level": "INFO", "module": "sorter.inventory", "msg": "Database: /sessions/quirky-gracious-knuth/tmp/tmp9fdvybbw.db"}
{"ts": "2026-03-14T14:59:49.895859+00:00", "level": "INFO", "module": "sorter.inventory", "msg": "Logged: 3001 'Brick 2x4' -> bin 2", "part_id": "3001", "confidence": 0.9, "bin_number": 2}
{"ts": "2026-03-14T14:59:49.898322+00:00", "level": "INFO", "module": "sorter.inventory", "msg": "Reclassified part 1: bin 2 -> 5", "bin_number": 5}
{"ts": "2026-03-14T14:59:49.898510+00:00", "level": "INFO", "module": "sorter.inventory", "msg": "Database closed"}
{"ts": "2026-03-14T14:59:49.898896+00:00", "level": "INFO", "module": "sorter.sorter", "msg": "Adafruit PCA9685 library not available \u2014 simulation mode"}
{"ts": "2026-03-14T14:59:49.898985+00:00", "level": "INFO", "module": "sorter.sorter", "msg": "Simulation: 31 virtual gates, 32 bins, mode=part"}
{"ts": "2026-03-14T14:59:49.899024+00:00", "level": "INFO", "module": "sorter.sorter", "msg": "Routing to bin 0: L -> L -> L -> L -> L", "bin_number": 0}
{"ts": "2026-03-14T14:59:49.899101+00:00", "level": "INFO", "module": "sorter.sorter", "msg": "Simulation: 31 virtual gates, 32 bins, mode=part"}
{"ts": "2026-03-14T14:59:49.899131+00:00", "level": "INFO", "module": "sorter.sorter", "msg": "Sort mode changed to: category"}
{"ts": "2026-03-14T14:59:49.899179+00:00", "level": "INFO", "module": "sorter.sorter", "msg": "Simulation: 31 virtual gates, 32 bins, mode=part"}
{"ts": "2026-03-14T14:59:49.899206+00:00", "level": "INFO", "module": "sorter.sorter", "msg": "Sort mode changed to: color"}
{"ts": "2026-03-14T14:59:49.899252+00:00", "level": "INFO", "module": "sorter.sorter", "msg": "Simulation: 31 virtual gates, 32 bins, mode=part"}
{"ts": "2026-03-14T14:59:49.899283+00:00", "level": "WARNING", "module": "sorter.sorter", "msg": "Invalid sort mode: invalid (valid: ('part', 'color', 'category', 'set'))"}
{"ts": "2026-03-14T14:59:49.899329+00:00", "level": "INFO", "module": "sorter.sorter", "msg": "Simulation: 31 virtual gates, 32 bins, mode=part"}
{"ts": "2026-03-14T14:59:49.899382+00:00", "level": "INFO", "module": "sorter.sorter", "msg": "Simulation: 31 virtual gates, 32 bins, mode=part"}
{"ts": "2026-03-14T14:59:49.899407+00:00", "level": "INFO", "module": "sorter.sorter", "msg": "Sort mode changed to: set"}
{"ts": "2026-03-14T14:59:49.899431+00:00", "level": "INFO", "module": "sorter.sorter", "msg": "Set priority loaded: 2 parts mapped to bins 0-1"}
{"ts": "2026-03-14T14:59:49.899483+00:00", "level": "INFO", "module": "sorter.sorter", "msg": "Simulation: 31 virtual gates, 32 bins, mode=part"}
{"ts": "2026-03-14T14:59:49.899511+00:00", "level": "INFO", "module": "sorter.sorter", "msg": "Routing to bin 3: L -> L -> L -> R -> R", "bin_number": 3}
{"ts": "2026-03-14T14:59:49.899540+00:00", "level": "INFO", "module": "sorter.sorter", "msg": "Routing to bin 3: L -> L -> L -> R -> R", "bin_number": 3}
{"ts": "2026-03-14T14:59:49.899567+00:00", "level": "INFO", "module": "sorter.sorter", "msg": "Routing to bin 3: L -> L -> L -> R -> R", "bin_number": 3}
{"ts": "2026-03-14T14:59:49.899592+00:00", "level": "INFO", "module": "sorter.sorter", "msg": "Routing to bin 3: L -> L -> L -> R -> R", "bin_number": 3}
{"ts": "2026-03-14T14:59:49.899626+00:00", "level": "INFO", "module": "sorter.sorter", "msg": "Routing to bin 3: L -> L -> L -> R -> R", "bin_number": 3}
{"ts": "2026-03-14T14:59:49.899651+00:00", "level": "INFO", "module": "sorter.sorter", "msg": "Routing to bin 3: L -> L -> L -> R -> R", "bin_number": 3}
{"ts": "2026-03-14T14:59:49.899674+00:00", "level": "INFO", "module": "sorter.sorter", "msg": "Routing to bin 3: L -> L -> L -> R -> R", "bin_number": 3}
{"ts": "2026-03-14T14:59:49.899698+00:00", "level": "INFO", "module": "sorter.sorter", "msg": "Routing to bin 3: L -> L -> L -> R -> R", "bin_number": 3}
{"ts": "2026-03-14T14:59:49.899720+00:00", "level": "INFO", "module": "sorter.sorter", "msg": "Routing to bin 3: L -> L -> L -> R -> R", "bin_number": 3}
{"ts": "2026-03-14T14:59:49.899743+00:00", "level": "INFO", "module": "sorter.sorter", "msg": "Routing to bin 3: L -> L -> L -> R -> R", "bin_number": 3}
{"ts": "2026-03-14T14:59:49.899765+00:00", "level": "INFO", "module": "sorter.sorter", "msg": "Routing to bin 3: L -> L -> L -> R -> R", "bin_number": 3}
{"ts": "2026-03-14T14:59:49.899787+00:00", "level": "INFO", "module": "sorter.sorter", "msg": "Routing to bin 3: L -> L -> L -> R -> R", "bin_number": 3}
{"ts": "2026-03-14T14:59:49.899811+00:00", "level": "INFO", "module": "sorter.sorter", "msg": "Routing to bin 3: L -> L -> L -> R -> R", "bin_number": 3}
{"ts": "2026-03-14T14:59:49.899833+00:00", "level": "INFO", "module": "sorter.sorter", "msg": "Routing to bin 3: L -> L -> L -> R -> R", "bin_number": 3}
{"ts": "2026-03-14T14:59:49.899856+00:00", "level": "INFO", "module": "sorter.sorter", "msg": "Routing to bin 3: L -> L -> L -> R -> R", "bin_number": 3}
{"ts": "2026-03-14T14:59:49.899878+00:00", "level": "INFO", "module": "sorter.sorter", "msg": "Routing to bin 3: L -> L -> L -> R -> R", "bin_number": 3}
{"ts": "2026-03-14T14:59:49.899899+00:00", "level": "INFO", "module": "sorter.sorter", "msg": "Routing to bin 3: L -> L -> L -> R -> R", "bin_number": 3}
{"ts": "2026-03-14T14:59:49.899921+00:00", "level": "INFO", "module": "sorter.sorter", "msg": "Routing to bin 3: L -> L -> L -> R -> R", "bin_number": 3}
{"ts": "2026-03-14T14:59:49.899943+00:00", "level": "INFO", "module": "sorter.sorter", "msg": "Routing to bin 3: L -> L -> L -> R -> R", "bin_number": 3}
{"ts": "2026-03-14T14:59:49.899966+00:00", "level": "INFO", "module": "sorter.sorter", "msg": "Routing to bin 3: L -> L -> L -> R -> R", "bin_number": 3}
{"ts": "2026-03-14T14:59:49.899989+00:00", "level": "INFO", "module": "sorter.sorter", "msg": "Routing to bin 3: L -> L -> L -> R -> R", "bin_number": 3}
{"ts": "2026-03-14T14:59:49.900067+00:00", "level": "INFO", "module": "sorter.sorter", "msg": "Routing to bin 3: L -> L -> L -> R -> R", "bin_number": 3}
{"ts": "2026-03-14T14:59:49.900126+00:00", "level": "INFO", "module": "sorter.sorter", "msg": "Routing to bin 3: L -> L -> L -> R -> R", "bin_number": 3}
{"ts": "2026-03-14T14:59:49.900154+00:00", "level": "INFO", "module": "sorter.sorter", "msg": "Routing to bin 3: L -> L -> L -> R -> R", "bin_number": 3}
{"ts": "2026-03-14T14:59:49.900179+00:00", "level": "INFO", "module": "sorter.sorter", "msg": "Routing to bin 3: L -> L -> L -> R -> R", "bin_number": 3}
{"ts": "2026-03-14T14:59:49.900203+00:00", "level": "INFO", "module": "sorter.sorter", "msg": "Routing to bin 3: L -> L -> L -> R -> R", "bin_number": 3}
{"ts": "2026-03-14T14:59:49.900226+00:00", "level": "INFO", "module": "sorter.sorter", "msg": "Routing to bin 3: L -> L -> L -> R -> R", "bin_number": 3}
{"ts": "2026-03-14T14:59:49.900249+00:00", "level": "INFO", "module": "sorter.sorter", "msg": "Routing to bin 3: L -> L -> L -> R -> R", "bin_number": 3}
{"ts": "2026-03-14T14:59:49.900276+00:00", "level": "INFO", "module": "sorter.sorter", "msg": "Routing to bin 3: L -> L -> L -> R -> R", "bin_number": 3}
{"ts": "2026-03-14T14:59:49.900299+00:00", "level": "INFO", "module": "sorter.sorter", "msg": "Routing to bin 3: L -> L -> L -> R -> R", "bin_number": 3}
{"ts": "2026-03-14T14:59:49.900321+00:00", "level": "INFO", "module": "sorter.sorter", "msg": "Routing to bin 3: L -> L -> L -> R -> R", "bin_number": 3}
{"ts": "2026-03-14T14:59:49.900344+00:00", "level": "INFO", "module": "sorter.sorter", "msg": "Routing to bin 3: L -> L -> L -> R -> R", "bin_number": 3}
{"ts": "2026-03-14T14:59:49.900366+00:00", "level": "INFO", "module": "sorter.sorter", "msg": "Routing to bin 3: L -> L -> L -> R -> R", "bin_number": 3}
{"ts": "2026-03-14T14:59:49.900388+00:00", "level": "INFO", "module": "sorter.sorter", "msg": "Routing to bin 3: L -> L -> L -> R -> R", "bin_number": 3}
{"ts": "2026-03-14T14:59:49.900411+00:00", "level": "INFO", "module": "sorter.sorter", "msg": "Routing to bin 3: L -> L -> L -> R -> R", "bin_number": 3}
{"ts": "2026-03-14T14:59:49.900434+00:00", "level": "INFO", "module": "sorter.sorter", "msg": "Routing to bin 3: L -> L -> L -> R -> R", "bin_number": 3}
{"ts": "2026-03-14T14:59:49.900457+00:00", "level": "INFO", "module": "sorter.sorter", "msg": "Routing to bin 3: L -> L -> L -> R -> R", "bin_number": 3}
{"ts": "2026-03-14T14:59:49.900480+00:00", "level": "INFO", "module": "sorter.sorter", "msg": "Routing to bin 3: L -> L -> L -> R -> R", "bin_number": 3}
{"ts": "2026-03-14T14:59:49.900502+00:00", "level": "INFO", "module": "sorter.sorter", "msg": "Routing to bin 3: L -> L -> L -> R -> R", "bin_number": 3}
{"ts": "2026-03-14T14:59:49.900524+00:00", "level": "INFO", "module": "sorter.sorter", "msg": "Routing to bin 3: L -> L -> L -> R -> R", "bin_number": 3}
{"ts": "2026-03-14T14:59:49.900546+00:00", "level": "INFO", "module": "sorter.sorter", "msg": "Routing to bin 3: L -> L -> L -> R -> R", "bin_number": 3}
{"ts": "2026-03-14T14:59:49.900568+00:00", "level": "INFO", "module": "sorter.sorter", "msg": "Routing to bin 3: L -> L -> L -> R -> R", "bin_number": 3}
{"ts": "2026-03-14T14:59:49.900589+00:00", "level": "INFO", "module": "sorter.sorter", "msg": "Routing to bin 3: L -> L -> L -> R -> R", "bin_number": 3}
{"ts": "2026-03-14T14:59:49.900622+00:00", "level": "INFO", "module": "sorter.sorter", "msg": "Routing to bin 3: L -> L -> L -> R -> R", "bin_number": 3}
{"ts": "2026-03-14T14:59:49.900646+00:00", "level": "INFO", "module": "sorter.sorter", "msg": "Routing to bin 3: L -> L -> L -> R -> R", "bin_number": 3}
{"ts": "2026-03-14T14:59:49.900669+00:00", "level": "INFO", "module": "sorter.sorter", "msg": "Routing to bin 3: L -> L -> L -> R -> R", "bin_number": 3}
{"ts": "2026-03-14T14:59:49.900703+00:00", "level": "INFO", "module": "sorter.sorter", "msg": "Routing to bin 3: L -> L -> L -> R -> R", "bin_number": 3}
{"ts": "2026-03-14T14:59:49.900733+00:00", "level": "INFO", "module": "sorter.sorter", "msg": "Routing to bin 3: L -> L -> L -> R -> R", "bin_number": 3}
{"ts": "2026-03-14T14:59:49.900758+00:00", "level": "INFO", "module": "sorter.sorter", "msg": "Routing to bin 3: L -> L -> L -> R -> R", "bin_number": 3}
{"ts": "2026-03-14T14:59:49.900782+00:00", "level": "INFO", "module": "sorter.sorter", "msg": "Routing to bin 3: L -> L -> L -> R -> R", "bin_number": 3}
{"ts": "2026-03-14T14:59:49.900806+00:00", "level": "INFO", "module": "sorter.sorter", "msg": "Routing to bin 7: L -> L -> R -> R -> R", "bin_number": 7}
{"ts": "2026-03-14T14:59:49.900829+00:00", "level": "INFO", "module": "sorter.sorter", "msg": "Routing to bin 7: L -> L -> R -> R -> R", "bin_number": 7}
{"ts": "2026-03-14T14:59:49.900852+00:00", "level": "INFO", "module": "sorter.sorter", "msg": "Routing to bin 7: L -> L -> R -> R -> R", "bin_number": 7}
{"ts": "2026-03-14T14:59:49.900875+00:00", "level": "INFO", "module": "sorter.sorter", "msg": "Routing to bin 7: L -> L -> R -> R -> R", "bin_number": 7}
{"ts": "2026-03-14T14:59:49.900897+00:00", "level": "INFO", "module": "sorter.sorter", "msg": "Routing to bin 7: L -> L -> R -> R -> R", "bin_number": 7}
{"ts": "2026-03-14T14:59:49.900923+00:00", "level": "INFO", "module": "sorter.sorter", "msg": "Routing to bin 7: L -> L -> R -> R -> R", "bin_number": 7}
{"ts": "2026-03-14T14:59:49.900945+00:00", "level": "INFO", "module": "sorter.sorter", "msg": "Routing to bin 7: L -> L -> R -> R -> R", "bin_number": 7}
{"ts": "2026-03-14T14:59:49.900967+00:00", "level": "INFO", "module": "sorter.sorter", "msg": "Routing to bin 7: L -> L -> R -> R -> R", "bin_number": 7}
{"ts": "2026-03-14T14:59:49.900989+00:00", "level": "INFO", "module": "sorter.sorter", "msg": "Routing to bin 7: L -> L -> R -> R -> R", "bin_number": 7}
{"ts": "2026-03-14T14:59:49.901012+00:00", "level": "INFO", "module": "sorter.sorter", "msg": "Routing to bin 7: L -> L -> R -> R -> R", "bin_number": 7}
{"ts": "2026-03-14T14:59:49.901034+00:00", "level": "INFO", "module": "sorter.sorter", "msg": "Routing to bin 7: L -> L -> R -> R -> R", "bin_number": 7}
{"ts": "2026-03-14T14:59:49.901057+00:00", "level": "INFO", "module": "sorter.sorter", "msg": "Routing to bin 7: L -> L -> R -> R -> R", "bin_number": 7}
{"ts": "2026-03-14T14:59:49.901078+00:00", "level": "INFO", "module": "sorter.sorter", "msg": "Routing to bin 7: L -> L -> R -> R -> R", "bin_number": 7}
{"ts": "2026-03-14T14:59:49.901101+00:00", "level": "INFO", "module": "sorter.sorter", "msg": "Routing to bin 7: L -> L -> R -> R -> R", "bin_number": 7}
{"ts": "2026-03-14T14:59:49.901123+00:00", "level": "INFO", "module": "sorter.sorter", "msg": "Routing to bin 7: L -> L -> R -> R -> R", "bin_number": 7}
{"ts": "2026-03-14T14:59:49.901146+00:00", "level": "INFO", "module": "sorter.sorter", "msg": "Routing to bin 7: L -> L -> R -> R -> R", "bin_number": 7}
{"ts": "2026-03-14T14:59:49.901168+00:00", "level": "INFO", "module": "sorter.sorter", "msg": "Routing to bin 7: L -> L -> R -> R -> R", "bin_number": 7}
{"ts": "2026-03-14T14:59:49.901190+00:00", "level": "INFO", "module": "sorter.sorter", "msg": "Routing to bin 7: L -> L -> R -> R -> R", "bin_number": 7}
{"ts": "2026-03-14T14:59:49.901212+00:00", "level": "INFO", "module": "sorter.sorter", "msg": "Routing to bin 7: L -> L -> R -> R -> R", "bin_number": 7}
{"ts": "2026-03-14T14:59:49.901233+00:00", "level": "INFO", "module": "sorter.sorter", "msg": "Routing to bin 7: L -> L -> R -> R -> R", "bin_number": 7}
{"ts": "2026-03-14T14:59:49.901255+00:00", "level": "INFO", "module": "sorter.sorter", "msg": "Routing to bin 7: L -> L -> R -> R -> R", "bin_number": 7}
{"ts": "2026-03-14T14:59:49.901277+00:00", "level": "INFO", "module": "sorter.sorter", "msg": "Routing to bin 7: L -> L -> R -> R -> R", "bin_number": 7}
{"ts": "2026-03-14T14:59:49.901299+00:00", "level": "INFO", "module": "sorter.sorter", "msg": "Routing to bin 7: L -> L -> R -> R -> R", "bin_number": 7}
{"ts": "2026-03-14T14:59:49.901321+00:00", "level": "INFO", "module": "sorter.sorter", "msg": "Routing to bin 7: L -> L -> R -> R -> R", "bin_number": 7}
{"ts": "2026-03-14T14:59:49.901343+00:00", "level": "INFO", "module": "sorter.sorter", "msg": "Routing to bin 7: L -> L -> R -> R -> R", "bin_number": 7}
{"ts": "2026-03-14T14:59:49.901366+00:00", "level": "INFO", "module": "sorter.sorter", "msg": "Routing to bin 7: L -> L -> R -> R -> R", "bin_number": 7}
{"ts": "2026-03-14T14:59:49.901387+00:00", "level": "INFO", "module": "sorter.sorter", "msg": "Routing to bin 7: L -> L -> R -> R -> R", "bin_number": 7}
{"ts": "2026-03-14T14:59:49.901409+00:00", "level": "INFO", "module": "sorter.sorter", "msg": "Routing to bin 7: L -> L -> R -> R -> R", "bin_number": 7}
{"ts": "2026-03-14T14:59:49.901432+00:00", "level": "INFO", "module": "sorter.sorter", "msg": "Routing to bin 7: L -> L -> R -> R -> R", "bin_number": 7}
{"ts": "2026-03-14T14:59:49.901455+00:00", "level": "INFO", "module": "sorter.sorter", "msg": "Routing to bin 7: L -> L -> R -> R -> R", "bin_number": 7}
{"ts": "2026-03-14T14:59:49.901477+00:00", "level": "INFO", "module": "sorter.sorter", "msg": "Routing to bin 7: L -> L -> R -> R -> R", "bin_number": 7}
{"ts": "2026-03-14T14:59:49.901499+00:00", "level": "INFO", "module": "sorter.sorter", "msg": "Routing to bin 7: L -> L -> R -> R -> R", "bin_number": 7}
{"ts": "2026-03-14T14:59:49.901521+00:00", "level": "INFO", "module": "sorter.sorter", "msg": "Routing to bin 7: L -> L -> R -> R -> R", "bin_number": 7}
{"ts": "2026-03-14T14:59:49.901543+00:00", "level": "INFO", "module": "sorter.sorter", "msg": "Routing to bin 7: L -> L -> R -> R -> R", "bin_number": 7}
{"ts": "2026-03-14T14:59:49.901566+00:00", "level": "INFO", "module": "sorter.sorter", "msg": "Routing to bin 7: L -> L -> R -> R -> R", "bin_number": 7}
{"ts": "2026-03-14T14:59:49.901587+00:00", "level": "INFO", "module": "sorter.sorter", "msg": "Routing to bin 7: L -> L -> R -> R -> R", "bin_number": 7}
{"ts": "2026-03-14T14:59:49.901627+00:00", "level": "INFO", "module": "sorter.sorter", "msg": "Routing to bin 7: L -> L -> R -> R -> R", "bin_number": 7}
{"ts": "2026-03-14T14:59:49.901658+00:00", "level": "INFO", "module": "sorter.sorter", "msg": "Routing to bin 7: L -> L -> R -> R -> R", "bin_number": 7}
{"ts": "2026-03-14T14:59:49.901683+00:00", "level": "INFO", "module": "sorter.sorter", "msg": "Routing to bin 7: L -> L -> R -> R -> R", "bin_number": 7}
{"ts": "2026-03-14T14:59:49.901707+00:00", "level": "INFO", "module": "sorter.sorter", "msg": "Routing to bin 7: L -> L -> R -> R -> R", "bin_number": 7}
{"ts": "2026-03-14T14:59:49.901730+00:00", "level": "INFO", "module": "sorter.sorter", "msg": "Routing to bin 7: L -> L -> R -> R -> R", "bin_number": 7}
{"ts": "2026-03-14T14:59:49.901753+00:00", "level": "INFO", "module": "sorter.sorter", "msg": "Routing to bin 7: L -> L -> R -> R -> R", "bin_number": 7}
{"ts": "2026-03-14T14:59:49.901791+00:00", "level": "INFO", "module": "sorter.sorter", "msg": "Routing to bin 7: L -> L -> R -> R -> R", "bin_number": 7}
{"ts": "2026-03-14T14:59:49.901817+00:00", "level": "INFO", "module": "sorter.sorter", "msg": "Routing to bin 7: L -> L -> R -> R -> R", "bin_number": 7}
{"ts": "2026-03-14T14:59:49.901841+00:00", "level": "INFO", "module": "sorter.sorter", "msg": "Routing to bin 7: L -> L -> R -> R -> R", "bin_number": 7}
{"ts": "2026-03-14T14:59:49.901864+00:00", "level": "INFO", "module": "sorter.sorter", "msg": "Routing to bin 7: L -> L -> R -> R -> R", "bin_number": 7}
{"ts": "2026-03-14T14:59:49.901887+00:00", "level": "INFO", "module": "sorter.sorter", "msg": "Routing to bin 7: L -> L -> R -> R -> R", "bin_number": 7}
{"ts": "2026-03-14T14:59:49.901910+00:00", "level": "INFO", "module": "sorter.sorter", "msg": "Routing to bin 7: L -> L -> R -> R -> R", "bin_number": 7}
{"ts": "2026-03-14T14:59:49.901932+00:00", "level": "INFO", "module": "sorter.sorter", "msg": "Routing to bin 7: L -> L -> R -> R -> R", "bin_number": 7}
{"ts": "2026-03-14T14:59:49.902002+00:00", "level": "INFO", "module": "sorter.sorter", "msg": "Simulation: 31 virtual gates, 32 bins, mode=part"}
{"ts": "2026-03-14T14:59:49.902065+00:00", "level": "INFO", "module": "sorter.sorter", "msg": "Simulation: 31 virtual gates, 32 bins, mode=part"}
{"ts": "2026-03-14T14:59:49.902115+00:00", "level": "INFO", "module": "sorter.sorter", "msg": "Simulation: 31 virtual gates, 32 bins, mode=part"}
{"ts": "2026-03-14T14:59:49.902161+00:00", "level": "INFO", "module": "sorter.sorter", "msg": "Simulation: 31 virtual gates, 32 bins, mode=part"}
{"ts": "2026-03-14T14:59:49.902189+00:00", "level": "INFO", "module": "sorter.sorter", "msg": "Routing to bin 0: L -> L -> L -> L -> L", "bin_number": 0}
{"ts": "2026-03-14T14:59:49.902217+00:00", "level": "INFO", "module": "sorter.sorter", "msg": "Routing to bin 15: L -> R -> R -> R -> R", "bin_number": 15}
{"ts": "2026-03-14T14:59:49.902244+00:00", "level": "INFO", "module": "sorter.sorter", "msg": "Reset all bin counts"}
{"ts": "2026-03-14T14:59:49.902291+00:00", "level": "INFO", "module": "sorter.sorter", "msg": "Simulation: 31 virtual gates, 32 bins, mode=part"}
{"ts": "2026-03-14T14:59:49.902318+00:00", "level": "INFO", "module": "sorter.sorter", "msg": "Routing to bin 2: L -> L -> L -> R -> L", "bin_number": 2}
{"ts": "2026-03-14T14:59:49.902344+00:00", "level": "INFO", "module": "sorter.sorter", "msg": "Routing to bin 2: L -> L -> L -> R -> L", "bin_number": 2}
{"ts": "2026-03-14T14:59:49.902369+00:00", "level": "INFO", "module": "sorter.sorter", "msg": "Routing to bin 2: L -> L -> L -> R -> L", "bin_number": 2}
{"ts": "2026-03-14T14:59:49.902393+00:00", "level": "INFO", "module": "sorter.sorter", "msg": "Routing to bin 2: L -> L -> L -> R -> L", "bin_number": 2}
{"ts": "2026-03-14T14:59:49.902416+00:00", "level": "INFO", "module": "sorter.sorter", "msg": "Routing to bin 2: L -> L -> L -> R -> L", "bin_number": 2}
{"ts": "2026-03-14T14:59:49.902437+00:00", "level": "INFO", "module": "sorter.sorter", "msg": "Routing to bin 2: L -> L -> L -> R -> L", "bin_number": 2}
{"ts": "2026-03-14T14:59:49.902459+00:00", "level": "INFO", "module": "sorter.sorter", "msg": "Routing to bin 2: L -> L -> L -> R -> L", "bin_number": 2}
{"ts": "2026-03-14T14:59:49.902481+00:00", "level": "INFO", "module": "sorter.sorter", "msg": "Routing to bin 2: L -> L -> L -> R -> L", "bin_number": 2}
{"ts": "2026-03-14T14:59:49.902502+00:00", "level": "INFO", "module": "sorter.sorter", "msg": "Routing to bin 2: L -> L -> L -> R -> L", "bin_number": 2}
{"ts": "2026-03-14T14:59:49.902524+00:00", "level": "INFO", "module": "sorter.sorter", "msg": "Routing to bin 2: L -> L -> L -> R -> L", "bin_number": 2}
{"ts": "2026-03-14T14:59:49.902546+00:00", "level": "INFO", "module": "sorter.sorter", "msg": "Reset count for bin 2"}
{"ts": "2026-03-14T14:59:49.902589+00:00", "level": "INFO", "module": "sorter.sorter", "msg": "Simulation: 31 virtual gates, 32 bins, mode=part"}
{"ts": "2026-03-14T14:59:49.902626+00:00", "level": "INFO", "module": "sorter.sorter", "msg": "Routing to bin 5: L -> L -> R -> L -> R", "bin_number": 5}
{"ts": "2026-03-14T14:59:49.902653+00:00", "level": "INFO", "module": "sorter.sorter", "msg": "Routing to bin 5: L -> L -> R -> L -> R", "bin_number": 5}
{"ts": "2026-03-14T14:59:49.902678+00:00", "level": "INFO", "module": "sorter.sorter", "msg": "Routing to bin 10: L -> R -> L -> R -> L", "bin_number": 10}
{"ts": "2026-03-14T14:59:49.902727+00:00", "level": "INFO", "module": "sorter.sorter", "msg": "Simulation: 31 virtual gates, 32 bins, mode=part"}
{"ts": "2026-03-14T14:59:49.902753+00:00", "level": "WARNING", "module": "sorter.sorter", "msg": "Invalid bin number: -1"}
{"ts": "2026-03-14T14:59:49.902775+00:00", "level": "WARNING", "module": "sorter.sorter", "msg": "Invalid bin number: 32"}
{"ts": "2026-03-14T14:59:49.902793+00:00", "level": "WARNING", "module": "sorter.sorter", "msg": "Invalid bin number: 100"}
